<?xml version="1.0" encoding="UTF-8"?>
<testsuite name="edu.depaul.se433.shoppingapp.averagePurchaseTest" tests="3" skipped="0" failures="0" errors="0" timestamp="2021-05-31T19:38:23" hostname="DESKTOP-72TGE8Q" time="0.8">
  <properties/>
  <testcase name="Evaluating whether PurchaseAgent makes the correct call to PurchaseDBO in the save() function. Again do not interact with the actual database" classname="edu.depaul.se433.shoppingapp.averagePurchaseTest" time="0.785"/>
  <testcase name="Evaluating the correctness of the averagePurchase() function, without actually interacting with the database" classname="edu.depaul.se433.shoppingapp.averagePurchaseTest" time="0.011"/>
  <testcase name="Testing what happens when nothing is in the cart" classname="edu.depaul.se433.shoppingapp.averagePurchaseTest" time="0.003"/>
  <system-out><![CDATA[]]></system-out>
  <system-err><![CDATA[]]></system-err>
</testsuite>
